[{"line":1,"elements":[{"start_timestamp":"2022-09-25T23:55:50.924Z","line":14,"name":"Verify if place is successfully added using AddPlaceAPI","description":"","id":"validationg-place-apis;verify-if-place-is-successfully-added-using-addplaceapi;;2","type":"scenario","keyword":"Scenario Outline","steps":[{"result":{"duration":2891002200,"status":"passed"},"line":5,"name":"Add Place payload with \"aahouse\" \"English\" \"World class\"","match":{"arguments":[{"val":"\"aahouse\"","offset":23},{"val":"\"English\"","offset":33},{"val":"\"World class\"","offset":43}],"location":"stepdefinition.StepDefinition.add_place_payload_with(java.lang.String,java.lang.String,java.lang.String)"},"keyword":"Given "},{"result":{"duration":4326670300,"status":"passed"},"line":6,"name":"user calls \"AddPlaceAPI\" with \"POST\" http request","match":{"arguments":[{"val":"\"AddPlaceAPI\"","offset":11},{"val":"\"POST\"","offset":30}],"location":"stepdefinition.StepDefinition.user_calls_with_http_request(java.lang.String,java.lang.String)"},"keyword":"When "},{"result":{"duration":4996200,"status":"passed"},"line":7,"name":"the API call is success with status code 200","match":{"arguments":[{"val":"200","offset":41}],"location":"stepdefinition.StepDefinition.the_api_call_got_success_with_status_code1(java.lang.Integer)"},"keyword":"Then "},{"result":{"error_message":"io.restassured.path.json.exception.JsonPathException: Failed to parse the JSON document\r\n\tat io.restassured.path.json.JsonPath$ExceptionCatcher.invoke(JsonPath.java:1002)\r\n\tat io.restassured.path.json.JsonPath$4.doParseWith(JsonPath.java:967)\r\n\tat io.restassured.path.json.JsonPath$JsonParser.parseWith(JsonPath.java:1047)\r\n\tat io.restassured.path.json.JsonPath.get(JsonPath.java:202)\r\n\tat resources.Utils.getJSONPath(Utils.java:50)\r\n\tat stepdefinition.StepDefinition.in_response_body_is(StepDefinition.java:66)\r\n\tat ✽.\"status\" in response body is \"OK\"(file:///F:/Automation-Workspace/APIAutomation/src/test/java/features/placeValidations.feature:8)\r\nCaused by: java.lang.IllegalArgumentException: The JSON input text should neither be null nor empty.\r\n\tat java.base/jdk.internal.reflect.NativeConstructorAccessorImpl.newInstance0(Native Method)\r\n\tat java.base/jdk.internal.reflect.NativeConstructorAccessorImpl.newInstance(NativeConstructorAccessorImpl.java:62)\r\n\tat java.base/jdk.internal.reflect.DelegatingConstructorAccessorImpl.newInstance(DelegatingConstructorAccessorImpl.java:45)\r\n\tat java.base/java.lang.reflect.Constructor.newInstance(Constructor.java:490)\r\n\tat org.codehaus.groovy.reflection.CachedConstructor.invoke(CachedConstructor.java:73)\r\n\tat org.codehaus.groovy.runtime.callsite.ConstructorSite$ConstructorSiteNoUnwrapNoCoerce.callConstructor(ConstructorSite.java:108)\r\n\tat org.codehaus.groovy.runtime.callsite.CallSiteArray.defaultCallConstructor(CallSiteArray.java:58)\r\n\tat org.codehaus.groovy.runtime.callsite.AbstractCallSite.callConstructor(AbstractCallSite.java:263)\r\n\tat org.codehaus.groovy.runtime.callsite.AbstractCallSite.callConstructor(AbstractCallSite.java:277)\r\n\tat io.restassured.internal.path.json.ConfigurableJsonSlurper.parseText(ConfigurableJsonSlurper.groovy:80)\r\n\tat io.restassured.path.json.JsonPath$4$1.method(JsonPath.java:965)\r\n\tat io.restassured.path.json.JsonPath$ExceptionCatcher.invoke(JsonPath.java:1000)\r\n\tat io.restassured.path.json.JsonPath$4.doParseWith(JsonPath.java:967)\r\n\tat io.restassured.path.json.JsonPath$JsonParser.parseWith(JsonPath.java:1047)\r\n\tat io.restassured.path.json.JsonPath.get(JsonPath.java:202)\r\n\tat resources.Utils.getJSONPath(Utils.java:50)\r\n\tat stepdefinition.StepDefinition.in_response_body_is(StepDefinition.java:66)\r\n\tat java.base/jdk.internal.reflect.NativeMethodAccessorImpl.invoke0(Native Method)\r\n\tat java.base/jdk.internal.reflect.NativeMethodAccessorImpl.invoke(NativeMethodAccessorImpl.java:62)\r\n\tat java.base/jdk.internal.reflect.DelegatingMethodAccessorImpl.invoke(DelegatingMethodAccessorImpl.java:43)\r\n\tat java.base/java.lang.reflect.Method.invoke(Method.java:566)\r\n\tat io.cucumber.java.Invoker.doInvoke(Invoker.java:66)\r\n\tat io.cucumber.java.Invoker.invoke(Invoker.java:24)\r\n\tat io.cucumber.java.AbstractGlueDefinition.invokeMethod(AbstractGlueDefinition.java:47)\r\n\tat io.cucumber.java.JavaStepDefinition.execute(JavaStepDefinition.java:29)\r\n\tat io.cucumber.core.runner.CoreStepDefinition.execute(CoreStepDefinition.java:66)\r\n\tat io.cucumber.core.runner.PickleStepDefinitionMatch.runStep(PickleStepDefinitionMatch.java:63)\r\n\tat io.cucumber.core.runner.ExecutionMode$1.execute(ExecutionMode.java:10)\r\n\tat io.cucumber.core.runner.TestStep.executeStep(TestStep.java:85)\r\n\tat io.cucumber.core.runner.TestStep.run(TestStep.java:57)\r\n\tat io.cucumber.core.runner.PickleStepTestStep.run(PickleStepTestStep.java:51)\r\n\tat io.cucumber.core.runner.TestCase.run(TestCase.java:84)\r\n\tat io.cucumber.core.runner.Runner.runPickle(Runner.java:75)\r\n\tat io.cucumber.junit.PickleRunners$NoStepDescriptions.lambda$run$0(PickleRunners.java:151)\r\n\tat io.cucumber.core.runtime.CucumberExecutionContext.lambda$runTestCase$5(CucumberExecutionContext.java:129)\r\n\tat io.cucumber.core.runtime.RethrowingThrowableCollector.executeAndThrow(RethrowingThrowableCollector.java:23)\r\n\tat io.cucumber.core.runtime.CucumberExecutionContext.runTestCase(CucumberExecutionContext.java:129)\r\n\tat io.cucumber.junit.PickleRunners$NoStepDescriptions.run(PickleRunners.java:148)\r\n\tat io.cucumber.junit.FeatureRunner.runChild(FeatureRunner.java:144)\r\n\tat io.cucumber.junit.FeatureRunner.runChild(FeatureRunner.java:28)\r\n\tat org.junit.runners.ParentRunner$4.run(ParentRunner.java:331)\r\n\tat org.junit.runners.ParentRunner$1.schedule(ParentRunner.java:79)\r\n\tat org.junit.runners.ParentRunner.runChildren(ParentRunner.java:329)\r\n\tat org.junit.runners.ParentRunner.access$100(ParentRunner.java:66)\r\n\tat org.junit.runners.ParentRunner$2.evaluate(ParentRunner.java:293)\r\n\tat org.junit.runners.ParentRunner$3.evaluate(ParentRunner.java:306)\r\n\tat org.junit.runners.ParentRunner.run(ParentRunner.java:413)\r\n\tat io.cucumber.junit.FeatureRunner.run(FeatureRunner.java:137)\r\n\tat io.cucumber.junit.Cucumber.runChild(Cucumber.java:196)\r\n\tat io.cucumber.junit.Cucumber.runChild(Cucumber.java:89)\r\n\tat org.junit.runners.ParentRunner$4.run(ParentRunner.java:331)\r\n\tat org.junit.runners.ParentRunner$1.schedule(ParentRunner.java:79)\r\n\tat org.junit.runners.ParentRunner.runChildren(ParentRunner.java:329)\r\n\tat org.junit.runners.ParentRunner.access$100(ParentRunner.java:66)\r\n\tat org.junit.runners.ParentRunner$2.evaluate(ParentRunner.java:293)\r\n\tat io.cucumber.junit.Cucumber$RunBeforeAllHooks.evaluate(Cucumber.java:266)\r\n\tat io.cucumber.junit.Cucumber$RunAfterAllHooks.evaluate(Cucumber.java:281)\r\n\tat io.cucumber.junit.Cucumber$StartTestRun.evaluate(Cucumber.java:233)\r\n\tat io.cucumber.junit.Cucumber$FinishTestRun.evaluate(Cucumber.java:248)\r\n\tat org.junit.runners.ParentRunner$3.evaluate(ParentRunner.java:306)\r\n\tat org.junit.runners.ParentRunner.run(ParentRunner.java:413)\r\n\tat org.apache.maven.surefire.junit4.JUnit4Provider.execute(JUnit4Provider.java:252)\r\n\tat org.apache.maven.surefire.junit4.JUnit4Provider.executeTestSet(JUnit4Provider.java:141)\r\n\tat org.apache.maven.surefire.junit4.JUnit4Provider.invoke(JUnit4Provider.java:112)\r\n\tat java.base/jdk.internal.reflect.NativeMethodAccessorImpl.invoke0(Native Method)\r\n\tat java.base/jdk.internal.reflect.NativeMethodAccessorImpl.invoke(NativeMethodAccessorImpl.java:62)\r\n\tat java.base/jdk.internal.reflect.DelegatingMethodAccessorImpl.invoke(DelegatingMethodAccessorImpl.java:43)\r\n\tat java.base/java.lang.reflect.Method.invoke(Method.java:566)\r\n\tat org.apache.maven.surefire.util.ReflectionUtils.invokeMethodWithArray(ReflectionUtils.java:189)\r\n\tat org.apache.maven.surefire.booter.ProviderFactory$ProviderProxy.invoke(ProviderFactory.java:165)\r\n\tat org.apache.maven.surefire.booter.ProviderFactory.invokeProvider(ProviderFactory.java:85)\r\n\tat org.apache.maven.surefire.booter.ForkedBooter.runSuitesInProcess(ForkedBooter.java:115)\r\n\tat org.apache.maven.surefire.booter.ForkedBooter.main(ForkedBooter.java:75)\r\n","duration":129927600,"status":"failed"},"line":8,"name":"\"status\" in response body is \"OK\"","match":{"arguments":[{"val":"\"status\"","offset":0},{"val":"\"OK\"","offset":29}],"location":"stepdefinition.StepDefinition.in_response_body_is(java.lang.String,java.lang.String)"},"keyword":"And "},{"result":{"status":"skipped"},"line":9,"name":"\"scope\" in response body is \"APP\"","match":{"arguments":[{"val":"\"scope\"","offset":0},{"val":"\"APP\"","offset":28}],"location":"stepdefinition.StepDefinition.in_response_body_is(java.lang.String,java.lang.String)"},"keyword":"And "},{"result":{"status":"skipped"},"line":10,"name":"verify place_Id created maps to \"aahouse\" using \"getPlaceAPI\"","match":{"arguments":[{"val":"\"aahouse\"","offset":32},{"val":"\"getPlaceAPI\"","offset":48}],"location":"stepdefinition.StepDefinition.verify_place_Id_created_maps_to_using(java.lang.String,java.lang.String)"},"keyword":"And "}],"tags":[{"name":"@addPlace"},{"name":"@Regression"}]},{"start_timestamp":"2022-09-25T23:55:58.409Z","line":15,"name":"Verify if place is successfully added using AddPlaceAPI","description":"","id":"validationg-place-apis;verify-if-place-is-successfully-added-using-addplaceapi;;3","type":"scenario","keyword":"Scenario Outline","steps":[{"result":{"duration":31980200,"status":"passed"},"line":5,"name":"Add Place payload with \"bbhouse\" \"spanish\" \"CCross Centre\"","match":{"arguments":[{"val":"\"bbhouse\"","offset":23},{"val":"\"spanish\"","offset":33},{"val":"\"CCross Centre\"","offset":43}],"location":"stepdefinition.StepDefinition.add_place_payload_with(java.lang.String,java.lang.String,java.lang.String)"},"keyword":"Given "},{"result":{"duration":886283000,"status":"passed"},"line":6,"name":"user calls \"AddPlaceAPI\" with \"POST\" http request","match":{"arguments":[{"val":"\"AddPlaceAPI\"","offset":11},{"val":"\"POST\"","offset":30}],"location":"stepdefinition.StepDefinition.user_calls_with_http_request(java.lang.String,java.lang.String)"},"keyword":"When "},{"result":{"status":"passed"},"line":7,"name":"the API call is success with status code 200","match":{"arguments":[{"val":"200","offset":41}],"location":"stepdefinition.StepDefinition.the_api_call_got_success_with_status_code1(java.lang.Integer)"},"keyword":"Then "},{"result":{"error_message":"io.restassured.path.json.exception.JsonPathException: Failed to parse the JSON document\r\n\tat io.restassured.path.json.JsonPath$ExceptionCatcher.invoke(JsonPath.java:1002)\r\n\tat io.restassured.path.json.JsonPath$4.doParseWith(JsonPath.java:967)\r\n\tat io.restassured.path.json.JsonPath$JsonParser.parseWith(JsonPath.java:1047)\r\n\tat io.restassured.path.json.JsonPath.get(JsonPath.java:202)\r\n\tat resources.Utils.getJSONPath(Utils.java:50)\r\n\tat stepdefinition.StepDefinition.in_response_body_is(StepDefinition.java:66)\r\n\tat ✽.\"status\" in response body is \"OK\"(file:///F:/Automation-Workspace/APIAutomation/src/test/java/features/placeValidations.feature:8)\r\nCaused by: java.lang.IllegalArgumentException: The JSON input text should neither be null nor empty.\r\n\tat java.base/jdk.internal.reflect.NativeConstructorAccessorImpl.newInstance0(Native Method)\r\n\tat java.base/jdk.internal.reflect.NativeConstructorAccessorImpl.newInstance(NativeConstructorAccessorImpl.java:62)\r\n\tat java.base/jdk.internal.reflect.DelegatingConstructorAccessorImpl.newInstance(DelegatingConstructorAccessorImpl.java:45)\r\n\tat java.base/java.lang.reflect.Constructor.newInstance(Constructor.java:490)\r\n\tat org.codehaus.groovy.reflection.CachedConstructor.invoke(CachedConstructor.java:73)\r\n\tat org.codehaus.groovy.runtime.callsite.ConstructorSite$ConstructorSiteNoUnwrapNoCoerce.callConstructor(ConstructorSite.java:108)\r\n\tat org.codehaus.groovy.runtime.callsite.AbstractCallSite.callConstructor(AbstractCallSite.java:277)\r\n\tat io.restassured.internal.path.json.ConfigurableJsonSlurper.parseText(ConfigurableJsonSlurper.groovy:80)\r\n\tat io.restassured.path.json.JsonPath$4$1.method(JsonPath.java:965)\r\n\tat io.restassured.path.json.JsonPath$ExceptionCatcher.invoke(JsonPath.java:1000)\r\n\tat io.restassured.path.json.JsonPath$4.doParseWith(JsonPath.java:967)\r\n\tat io.restassured.path.json.JsonPath$JsonParser.parseWith(JsonPath.java:1047)\r\n\tat io.restassured.path.json.JsonPath.get(JsonPath.java:202)\r\n\tat resources.Utils.getJSONPath(Utils.java:50)\r\n\tat stepdefinition.StepDefinition.in_response_body_is(StepDefinition.java:66)\r\n\tat java.base/jdk.internal.reflect.NativeMethodAccessorImpl.invoke0(Native Method)\r\n\tat java.base/jdk.internal.reflect.NativeMethodAccessorImpl.invoke(NativeMethodAccessorImpl.java:62)\r\n\tat java.base/jdk.internal.reflect.DelegatingMethodAccessorImpl.invoke(DelegatingMethodAccessorImpl.java:43)\r\n\tat java.base/java.lang.reflect.Method.invoke(Method.java:566)\r\n\tat io.cucumber.java.Invoker.doInvoke(Invoker.java:66)\r\n\tat io.cucumber.java.Invoker.invoke(Invoker.java:24)\r\n\tat io.cucumber.java.AbstractGlueDefinition.invokeMethod(AbstractGlueDefinition.java:47)\r\n\tat io.cucumber.java.JavaStepDefinition.execute(JavaStepDefinition.java:29)\r\n\tat io.cucumber.core.runner.CoreStepDefinition.execute(CoreStepDefinition.java:66)\r\n\tat io.cucumber.core.runner.PickleStepDefinitionMatch.runStep(PickleStepDefinitionMatch.java:63)\r\n\tat io.cucumber.core.runner.ExecutionMode$1.execute(ExecutionMode.java:10)\r\n\tat io.cucumber.core.runner.TestStep.executeStep(TestStep.java:85)\r\n\tat io.cucumber.core.runner.TestStep.run(TestStep.java:57)\r\n\tat io.cucumber.core.runner.PickleStepTestStep.run(PickleStepTestStep.java:51)\r\n\tat io.cucumber.core.runner.TestCase.run(TestCase.java:84)\r\n\tat io.cucumber.core.runner.Runner.runPickle(Runner.java:75)\r\n\tat io.cucumber.junit.PickleRunners$NoStepDescriptions.lambda$run$0(PickleRunners.java:151)\r\n\tat io.cucumber.core.runtime.CucumberExecutionContext.lambda$runTestCase$5(CucumberExecutionContext.java:129)\r\n\tat io.cucumber.core.runtime.RethrowingThrowableCollector.executeAndThrow(RethrowingThrowableCollector.java:23)\r\n\tat io.cucumber.core.runtime.CucumberExecutionContext.runTestCase(CucumberExecutionContext.java:129)\r\n\tat io.cucumber.junit.PickleRunners$NoStepDescriptions.run(PickleRunners.java:148)\r\n\tat io.cucumber.junit.FeatureRunner.runChild(FeatureRunner.java:144)\r\n\tat io.cucumber.junit.FeatureRunner.runChild(FeatureRunner.java:28)\r\n\tat org.junit.runners.ParentRunner$4.run(ParentRunner.java:331)\r\n\tat org.junit.runners.ParentRunner$1.schedule(ParentRunner.java:79)\r\n\tat org.junit.runners.ParentRunner.runChildren(ParentRunner.java:329)\r\n\tat org.junit.runners.ParentRunner.access$100(ParentRunner.java:66)\r\n\tat org.junit.runners.ParentRunner$2.evaluate(ParentRunner.java:293)\r\n\tat org.junit.runners.ParentRunner$3.evaluate(ParentRunner.java:306)\r\n\tat org.junit.runners.ParentRunner.run(ParentRunner.java:413)\r\n\tat io.cucumber.junit.FeatureRunner.run(FeatureRunner.java:137)\r\n\tat io.cucumber.junit.Cucumber.runChild(Cucumber.java:196)\r\n\tat io.cucumber.junit.Cucumber.runChild(Cucumber.java:89)\r\n\tat org.junit.runners.ParentRunner$4.run(ParentRunner.java:331)\r\n\tat org.junit.runners.ParentRunner$1.schedule(ParentRunner.java:79)\r\n\tat org.junit.runners.ParentRunner.runChildren(ParentRunner.java:329)\r\n\tat org.junit.runners.ParentRunner.access$100(ParentRunner.java:66)\r\n\tat org.junit.runners.ParentRunner$2.evaluate(ParentRunner.java:293)\r\n\tat io.cucumber.junit.Cucumber$RunBeforeAllHooks.evaluate(Cucumber.java:266)\r\n\tat io.cucumber.junit.Cucumber$RunAfterAllHooks.evaluate(Cucumber.java:281)\r\n\tat io.cucumber.junit.Cucumber$StartTestRun.evaluate(Cucumber.java:233)\r\n\tat io.cucumber.junit.Cucumber$FinishTestRun.evaluate(Cucumber.java:248)\r\n\tat org.junit.runners.ParentRunner$3.evaluate(ParentRunner.java:306)\r\n\tat org.junit.runners.ParentRunner.run(ParentRunner.java:413)\r\n\tat org.apache.maven.surefire.junit4.JUnit4Provider.execute(JUnit4Provider.java:252)\r\n\tat org.apache.maven.surefire.junit4.JUnit4Provider.executeTestSet(JUnit4Provider.java:141)\r\n\tat org.apache.maven.surefire.junit4.JUnit4Provider.invoke(JUnit4Provider.java:112)\r\n\tat java.base/jdk.internal.reflect.NativeMethodAccessorImpl.invoke0(Native Method)\r\n\tat java.base/jdk.internal.reflect.NativeMethodAccessorImpl.invoke(NativeMethodAccessorImpl.java:62)\r\n\tat java.base/jdk.internal.reflect.DelegatingMethodAccessorImpl.invoke(DelegatingMethodAccessorImpl.java:43)\r\n\tat java.base/java.lang.reflect.Method.invoke(Method.java:566)\r\n\tat org.apache.maven.surefire.util.ReflectionUtils.invokeMethodWithArray(ReflectionUtils.java:189)\r\n\tat org.apache.maven.surefire.booter.ProviderFactory$ProviderProxy.invoke(ProviderFactory.java:165)\r\n\tat org.apache.maven.surefire.booter.ProviderFactory.invokeProvider(ProviderFactory.java:85)\r\n\tat org.apache.maven.surefire.booter.ForkedBooter.runSuitesInProcess(ForkedBooter.java:115)\r\n\tat org.apache.maven.surefire.booter.ForkedBooter.main(ForkedBooter.java:75)\r\n","duration":999400,"status":"failed"},"line":8,"name":"\"status\" in response body is \"OK\"","match":{"arguments":[{"val":"\"status\"","offset":0},{"val":"\"OK\"","offset":29}],"location":"stepdefinition.StepDefinition.in_response_body_is(java.lang.String,java.lang.String)"},"keyword":"And "},{"result":{"status":"skipped"},"line":9,"name":"\"scope\" in response body is \"APP\"","match":{"arguments":[{"val":"\"scope\"","offset":0},{"val":"\"APP\"","offset":28}],"location":"stepdefinition.StepDefinition.in_response_body_is(java.lang.String,java.lang.String)"},"keyword":"And "},{"result":{"status":"skipped"},"line":10,"name":"verify place_Id created maps to \"bbhouse\" using \"getPlaceAPI\"","match":{"arguments":[{"val":"\"bbhouse\"","offset":32},{"val":"\"getPlaceAPI\"","offset":48}],"location":"stepdefinition.StepDefinition.verify_place_Id_created_maps_to_using(java.lang.String,java.lang.String)"},"keyword":"And "}],"tags":[{"name":"@addPlace"},{"name":"@Regression"}]},{"start_timestamp":"2022-09-25T23:55:59.349Z","line":18,"name":"Verify if Delete Place functionality is working","description":"","id":"validationg-place-apis;verify-if-delete-place-functionality-is-working","type":"scenario","keyword":"Scenario","steps":[{"result":{"duration":1999700,"status":"passed"},"line":19,"name":"DeletePlace payload","match":{"location":"stepdefinition.StepDefinition.delete_place_payload()"},"keyword":"Given "},{"result":{"error_message":"java.lang.NullPointerException\r\n\tat stepdefinition.StepDefinition.user_calls_with_http_request(StepDefinition.java:51)\r\n\tat ✽.user calls \"deletePlaceAPI\" with \"POST\" http request(file:///F:/Automation-Workspace/APIAutomation/src/test/java/features/placeValidations.feature:20)\r\n","duration":998300,"status":"failed"},"line":20,"name":"user calls \"deletePlaceAPI\" with \"POST\" http request","match":{"arguments":[{"val":"\"deletePlaceAPI\"","offset":11},{"val":"\"POST\"","offset":33}],"location":"stepdefinition.StepDefinition.user_calls_with_http_request(java.lang.String,java.lang.String)"},"keyword":"When "},{"result":{"status":"skipped"},"line":21,"name":"the API call is success with status code 200","match":{"arguments":[{"val":"200","offset":41}],"location":"stepdefinition.StepDefinition.the_api_call_got_success_with_status_code1(java.lang.Integer)"},"keyword":"Then "},{"result":{"status":"skipped"},"line":22,"name":"\"status\" in response body is \"OK\"","match":{"arguments":[{"val":"\"status\"","offset":0},{"val":"\"OK\"","offset":29}],"location":"stepdefinition.StepDefinition.in_response_body_is(java.lang.String,java.lang.String)"},"keyword":"And "}],"tags":[{"name":"@deletePlace"},{"name":"@Regression"}]}],"name":"Validationg Place APIs","description":"","id":"validationg-place-apis","keyword":"Feature","uri":"file:src/test/java/features/placeValidations.feature","tags":[]}]